0 info it worked if it ends with ok
1 verbose cli [ '/usr/bin/node', '/usr/bin/npm', 'install', 'jwt', '--save' ]
2 info using npm@3.5.2
3 info using node@v8.10.0
4 silly loadCurrentTree Starting
5 silly install loadCurrentTree
6 silly install readLocalPackageData
7 silly fetchPackageMetaData jwt
8 silly fetchNamedPackageData jwt
9 silly mapToRegistry name jwt
10 silly mapToRegistry using default registry
11 silly mapToRegistry registry https://registry.npmjs.org/
12 silly mapToRegistry uri https://registry.npmjs.org/jwt
13 verbose request uri https://registry.npmjs.org/jwt
14 verbose request no auth needed
15 info attempt registry request try #1 at 下午10:24:26
16 verbose request id d0815831ab8ad53e
17 verbose etag W/"dae0af83830430fd0ff00dc8b50fec3a"
18 verbose lastModified Fri, 03 Aug 2018 00:39:31 GMT
19 http request GET https://registry.npmjs.org/jwt
20 http 304 https://registry.npmjs.org/jwt
21 verbose headers { date: 'Wed, 27 Feb 2019 14:24:27 GMT',
21 verbose headers   connection: 'keep-alive',
21 verbose headers   'set-cookie':
21 verbose headers    [ '__cfduid=dcd19aeec511f174cdfa6822bbd1657681551277467; expires=Thu, 27-Feb-20 14:24:27 GMT; path=/; domain=.registry.npmjs.org; HttpOnly' ],
21 verbose headers   'cf-cache-status': 'HIT',
21 verbose headers   'cache-control': 'max-age=300',
21 verbose headers   'cf-ray': '4afb50ad9f257814-LAX',
21 verbose headers   etag: '"dae0af83830430fd0ff00dc8b50fec3a"',
21 verbose headers   'expect-ct': 'max-age=604800, report-uri="https://report-uri.cloudflare.com/cdn-cgi/beacon/expect-ct"',
21 verbose headers   'last-modified': 'Fri, 03 Aug 2018 00:39:31 GMT',
21 verbose headers   vary: 'accept-encoding, accept',
21 verbose headers   server: 'cloudflare' }
22 silly get cb [ 304,
22 silly get   { date: 'Wed, 27 Feb 2019 14:24:27 GMT',
22 silly get     connection: 'keep-alive',
22 silly get     'set-cookie':
22 silly get      [ '__cfduid=dcd19aeec511f174cdfa6822bbd1657681551277467; expires=Thu, 27-Feb-20 14:24:27 GMT; path=/; domain=.registry.npmjs.org; HttpOnly' ],
22 silly get     'cf-cache-status': 'HIT',
22 silly get     'cache-control': 'max-age=300',
22 silly get     'cf-ray': '4afb50ad9f257814-LAX',
22 silly get     etag: '"dae0af83830430fd0ff00dc8b50fec3a"',
22 silly get     'expect-ct': 'max-age=604800, report-uri="https://report-uri.cloudflare.com/cdn-cgi/beacon/expect-ct"',
22 silly get     'last-modified': 'Fri, 03 Aug 2018 00:39:31 GMT',
22 silly get     vary: 'accept-encoding, accept',
22 silly get     server: 'cloudflare' } ]
23 verbose etag https://registry.npmjs.org/jwt from cache
24 verbose get saving jwt to /home/john/.npm/registry.npmjs.org/jwt/.cache.json
25 silly install normalizeTree
26 silly loadCurrentTree Finishing
27 silly loadIdealTree Starting
28 silly install loadIdealTree
29 silly cloneCurrentTree Starting
30 silly install cloneCurrentTreeToIdealTree
31 silly cloneCurrentTree Finishing
32 silly loadShrinkwrap Starting
33 silly install loadShrinkwrap
34 silly loadShrinkwrap Finishing
35 silly loadAllDepsIntoIdealTree Starting
36 silly install loadAllDepsIntoIdealTree
37 silly resolveWithNewModule jwt@0.2.0 checking installable status
38 silly cache add args [ 'jwt', null ]
39 verbose cache add spec jwt
40 silly cache add parsed spec Result {
40 silly cache add   raw: 'jwt',
40 silly cache add   scope: null,
40 silly cache add   name: 'jwt',
40 silly cache add   rawSpec: '',
40 silly cache add   spec: 'latest',
40 silly cache add   type: 'tag' }
41 silly addNamed jwt@latest
42 verbose addNamed "latest" is being treated as a dist-tag for jwt
43 info addNameTag [ 'jwt', 'latest' ]
44 silly mapToRegistry name jwt
45 silly mapToRegistry using default registry
46 silly mapToRegistry registry https://registry.npmjs.org/
47 silly mapToRegistry uri https://registry.npmjs.org/jwt
48 verbose addNameTag registry:https://registry.npmjs.org/jwt not in flight; fetching
49 verbose get https://registry.npmjs.org/jwt not expired, no request
50 silly addNameTag next cb for jwt with tag latest
51 silly addNamed jwt@0.2.0
52 verbose addNamed "0.2.0" is a plain semver version for jwt
53 silly cache afterAdd jwt@0.2.0
54 verbose afterAdd /home/john/.npm/jwt/0.2.0/package/package.json not in flight; writing
55 verbose afterAdd /home/john/.npm/jwt/0.2.0/package/package.json written
56 silly fetchNamedPackageData node-base64
57 silly mapToRegistry name node-base64
58 silly mapToRegistry using default registry
59 silly mapToRegistry registry https://registry.npmjs.org/
60 silly mapToRegistry uri https://registry.npmjs.org/node-base64
61 verbose request uri https://registry.npmjs.org/node-base64
62 verbose request no auth needed
63 info attempt registry request try #1 at 下午10:24:27
64 verbose etag W/"1af9fff642dd94d29b4022da439ab10c"
65 verbose lastModified Sun, 27 May 2018 09:54:54 GMT
66 http request GET https://registry.npmjs.org/node-base64
67 http 304 https://registry.npmjs.org/node-base64
68 verbose headers { date: 'Wed, 27 Feb 2019 14:24:28 GMT',
68 verbose headers   connection: 'keep-alive',
68 verbose headers   'set-cookie':
68 verbose headers    [ '__cfduid=d759e0c9694416abdf611ab8c56ad69061551277468; expires=Thu, 27-Feb-20 14:24:28 GMT; path=/; domain=.registry.npmjs.org; HttpOnly' ],
68 verbose headers   'cf-cache-status': 'HIT',
68 verbose headers   'cache-control': 'max-age=300',
68 verbose headers   'cf-ray': '4afb50af99167814-LAX',
68 verbose headers   etag: '"1af9fff642dd94d29b4022da439ab10c"',
68 verbose headers   'expect-ct': 'max-age=604800, report-uri="https://report-uri.cloudflare.com/cdn-cgi/beacon/expect-ct"',
68 verbose headers   'last-modified': 'Sun, 27 May 2018 09:54:54 GMT',
68 verbose headers   vary: 'accept-encoding, accept',
68 verbose headers   server: 'cloudflare' }
69 silly get cb [ 304,
69 silly get   { date: 'Wed, 27 Feb 2019 14:24:28 GMT',
69 silly get     connection: 'keep-alive',
69 silly get     'set-cookie':
69 silly get      [ '__cfduid=d759e0c9694416abdf611ab8c56ad69061551277468; expires=Thu, 27-Feb-20 14:24:28 GMT; path=/; domain=.registry.npmjs.org; HttpOnly' ],
69 silly get     'cf-cache-status': 'HIT',
69 silly get     'cache-control': 'max-age=300',
69 silly get     'cf-ray': '4afb50af99167814-LAX',
69 silly get     etag: '"1af9fff642dd94d29b4022da439ab10c"',
69 silly get     'expect-ct': 'max-age=604800, report-uri="https://report-uri.cloudflare.com/cdn-cgi/beacon/expect-ct"',
69 silly get     'last-modified': 'Sun, 27 May 2018 09:54:54 GMT',
69 silly get     vary: 'accept-encoding, accept',
69 silly get     server: 'cloudflare' } ]
70 verbose etag https://registry.npmjs.org/node-base64 from cache
71 verbose get saving node-base64 to /home/john/.npm/registry.npmjs.org/node-base64/.cache.json
72 silly resolveWithNewModule node-base64@0.0.1 checking installable status
73 silly cache add args [ 'node-base64@0.0.1', null ]
74 verbose cache add spec node-base64@0.0.1
75 silly cache add parsed spec Result {
75 silly cache add   raw: 'node-base64@0.0.1',
75 silly cache add   scope: null,
75 silly cache add   name: 'node-base64',
75 silly cache add   rawSpec: '0.0.1',
75 silly cache add   spec: '0.0.1',
75 silly cache add   type: 'version' }
76 silly addNamed node-base64@0.0.1
77 verbose addNamed "0.0.1" is a plain semver version for node-base64
78 silly mapToRegistry name node-base64
79 silly mapToRegistry using default registry
80 silly mapToRegistry registry https://registry.npmjs.org/
81 silly mapToRegistry uri https://registry.npmjs.org/node-base64
82 verbose addNameVersion registry:https://registry.npmjs.org/node-base64 not in flight; fetching
83 verbose get https://registry.npmjs.org/node-base64 not expired, no request
84 silly cache afterAdd node-base64@0.0.1
85 verbose afterAdd /home/john/.npm/node-base64/0.0.1/package/package.json not in flight; writing
86 verbose afterAdd /home/john/.npm/node-base64/0.0.1/package/package.json written
87 silly loadAllDepsIntoIdealTree Finishing
88 silly idealTree:prePrune node-vue
88 silly idealTree:prePrune ├── jwt@0.2.0
88 silly idealTree:prePrune └── node-base64@0.0.1
89 silly loadIdealTree Finishing
90 silly currentTree node-vue
91 silly idealTree node-vue
91 silly idealTree ├── jwt@0.2.0
91 silly idealTree └── node-base64@0.0.1
92 silly generateActionsToTake Starting
93 silly install generateActionsToTake
94 silly generateActionsToTake Finishing
95 silly diffTrees action count 2
96 silly diffTrees add node-base64@0.0.1
97 silly diffTrees add jwt@0.2.0
98 silly decomposeActions action count 16
99 silly decomposeActions fetch node-base64@0.0.1
100 silly decomposeActions extract node-base64@0.0.1
101 silly decomposeActions test node-base64@0.0.1
102 silly decomposeActions preinstall node-base64@0.0.1
103 silly decomposeActions build node-base64@0.0.1
104 silly decomposeActions install node-base64@0.0.1
105 silly decomposeActions postinstall node-base64@0.0.1
106 silly decomposeActions finalize node-base64@0.0.1
107 silly decomposeActions fetch jwt@0.2.0
108 silly decomposeActions extract jwt@0.2.0
109 silly decomposeActions test jwt@0.2.0
110 silly decomposeActions preinstall jwt@0.2.0
111 silly decomposeActions build jwt@0.2.0
112 silly decomposeActions install jwt@0.2.0
113 silly decomposeActions postinstall jwt@0.2.0
114 silly decomposeActions finalize jwt@0.2.0
115 silly executeActions Starting
116 silly install executeActions
117 silly doSerial global-install 0
118 silly doParallel fetch 2
119 verbose lock using /home/john/.npm/_locks/staging-733b0fef1b90a505.lock for /home/john/myProject/node-vue/node_modules/.staging
120 silly doParallel extract 2
121 silly extract node-base64@0.0.1
122 silly extract jwt@0.2.0
123 verbose unbuild node_modules/.staging/node-base64-15f7fd03
124 verbose unbuild node_modules/.staging/jwt-14192d09
125 silly gentlyRm /home/john/myProject/node-vue/node_modules/.staging/node-base64-15f7fd03 is being purged from base /home/john/myProject/node-vue
126 verbose gentlyRm don't care about contents; nuking /home/john/myProject/node-vue/node_modules/.staging/node-base64-15f7fd03
127 verbose tar unpack /home/john/.npm/node-base64/0.0.1/package.tgz
128 verbose tar unpacking to /home/john/myProject/node-vue/node_modules/.staging/node-base64-15f7fd03
129 silly gentlyRm /home/john/myProject/node-vue/node_modules/.staging/node-base64-15f7fd03 is being purged
130 verbose gentlyRm don't care about contents; nuking /home/john/myProject/node-vue/node_modules/.staging/node-base64-15f7fd03
131 silly gentlyRm /home/john/myProject/node-vue/node_modules/.staging/jwt-14192d09 is being purged from base /home/john/myProject/node-vue
132 verbose gentlyRm don't care about contents; nuking /home/john/myProject/node-vue/node_modules/.staging/jwt-14192d09
133 silly gunzTarPerm modes [ '755', '644' ]
134 verbose tar unpack /home/john/.npm/jwt/0.2.0/package.tgz
135 verbose tar unpacking to /home/john/myProject/node-vue/node_modules/.staging/jwt-14192d09
136 silly gentlyRm /home/john/myProject/node-vue/node_modules/.staging/jwt-14192d09 is being purged
137 verbose gentlyRm don't care about contents; nuking /home/john/myProject/node-vue/node_modules/.staging/jwt-14192d09
138 silly gunzTarPerm modes [ '755', '644' ]
139 silly gunzTarPerm extractEntry
140 silly gunzTarPerm extractEntry .npmignore
141 silly gunzTarPerm extractEntry lib/
142 silly gunzTarPerm extractEntry lib/jwt.js
143 silly gunzTarPerm extractEntry .gitignore
144 silly gunzTarPerm extractEntry base64.cc
145 silly gunzTarPerm extractEntry install.sh
146 silly gunzTarPerm extractEntry js_base64_for_comparsion.js
147 silly gunzTarPerm extractEntry makefile
148 silly gunzTarPerm extractEntry package.json
149 silly gunzTarPerm extractEntry README.md
150 silly gunzTarPerm extractEntry package.json
151 silly gunzTarPerm extractEntry README.md
152 silly gunzTarPerm extractEntry test.js
153 silly gunzTarPerm extractEntry test.php
154 silly gunzTarPerm extractEntry wscript
155 silly gentlyRm /home/john/myProject/node-vue/node_modules/.staging/jwt-14192d09/node_modules is being purged
156 verbose gentlyRm don't care about contents; nuking /home/john/myProject/node-vue/node_modules/.staging/jwt-14192d09/node_modules
157 silly gentlyRm /home/john/myProject/node-vue/node_modules/.staging/node-base64-15f7fd03/node_modules is being purged
158 verbose gentlyRm don't care about contents; nuking /home/john/myProject/node-vue/node_modules/.staging/node-base64-15f7fd03/node_modules
159 silly doParallel preinstall 2
160 silly preinstall node-base64@0.0.1 /home/john/myProject/node-vue/node_modules/.staging/node-base64-15f7fd03
161 info lifecycle node-base64@0.0.1~preinstall: node-base64@0.0.1
162 silly preinstall jwt@0.2.0 /home/john/myProject/node-vue/node_modules/.staging/jwt-14192d09
163 info lifecycle jwt@0.2.0~preinstall: jwt@0.2.0
164 silly lifecycle node-base64@0.0.1~preinstall: no script for preinstall, continuing
165 silly lifecycle jwt@0.2.0~preinstall: no script for preinstall, continuing
166 silly doReverseSerial remove 0
167 silly doSerial move 0
168 silly doSerial finalize 2
169 silly finalize /home/john/myProject/node-vue/node_modules/node-base64
170 silly finalize /home/john/myProject/node-vue/node_modules/jwt
171 silly doSerial build 2
172 silly build node-base64@0.0.1
173 info linkStuff node-base64@0.0.1
174 silly linkStuff node-base64@0.0.1 has /home/john/myProject/node-vue/node_modules as its parent node_modules
175 verbose linkBins node-base64@0.0.1
176 verbose linkMans node-base64@0.0.1
177 silly build jwt@0.2.0
178 info linkStuff jwt@0.2.0
179 silly linkStuff jwt@0.2.0 has /home/john/myProject/node-vue/node_modules as its parent node_modules
180 verbose linkBins jwt@0.2.0
181 verbose linkMans jwt@0.2.0
182 silly doSerial global-link 0
183 silly doParallel update-linked 0
184 silly doSerial install 2
185 silly install node-base64@0.0.1 /home/john/myProject/node-vue/node_modules/.staging/node-base64-15f7fd03
186 info lifecycle node-base64@0.0.1~install: node-base64@0.0.1
187 verbose lifecycle node-base64@0.0.1~install: unsafe-perm in lifecycle true
188 verbose lifecycle node-base64@0.0.1~install: PATH: /usr/share/npm/bin/node-gyp-bin:/home/john/myProject/node-vue/node_modules/node-base64/node_modules/.bin:/home/john/myProject/node-vue/node_modules/.bin:/usr/local/sbin:/usr/local/bin:/usr/sbin:/usr/bin:/sbin:/bin:/snap/bin
189 verbose lifecycle node-base64@0.0.1~install: CWD: /home/john/myProject/node-vue/node_modules/node-base64
190 silly lifecycle node-base64@0.0.1~install: Args: [ '-c', './install.sh' ]
191 info lifecycle node-base64@0.0.1~install: Failed to exec install script
192 verbose unlock done using /home/john/.npm/_locks/staging-733b0fef1b90a505.lock for /home/john/myProject/node-vue/node_modules/.staging
193 silly rollbackFailedOptional Starting
194 silly rollbackFailedOptional Finishing
195 silly runTopLevelLifecycles Starting
196 silly runTopLevelLifecycles Finishing
197 silly install printInstalled
198 warn enoent ENOENT: no such file or directory, open '/home/john/myProject/node-vue/package.json'
199 warn node-vue No description
200 warn node-vue No repository field.
201 warn node-vue No README data
202 warn node-vue No license field.
203 verbose stack Error: node-base64@0.0.1 install: `./install.sh`
203 verbose stack spawn ENOENT
203 verbose stack     at ChildProcess.<anonymous> (/usr/share/npm/lib/utils/spawn.js:17:16)
203 verbose stack     at emitTwo (events.js:126:13)
203 verbose stack     at ChildProcess.emit (events.js:214:7)
203 verbose stack     at maybeClose (internal/child_process.js:925:16)
203 verbose stack     at Process.ChildProcess._handle.onexit (internal/child_process.js:209:5)
204 verbose pkgid node-base64@0.0.1
205 verbose cwd /home/john/myProject/node-vue
206 error Linux 4.15.0-45-generic
207 error argv "/usr/bin/node" "/usr/bin/npm" "install" "jwt" "--save"
208 error node v8.10.0
209 error npm  v3.5.2
210 error file sh
211 error code ELIFECYCLE
212 error errno ENOENT
213 error syscall spawn
214 error node-base64@0.0.1 install: `./install.sh`
214 error spawn ENOENT
215 error Failed at the node-base64@0.0.1 install script './install.sh'.
215 error Make sure you have the latest version of node.js and npm installed.
215 error If you do, this is most likely a problem with the node-base64 package,
215 error not with npm itself.
215 error Tell the author that this fails on your system:
215 error     ./install.sh
215 error You can get information on how to open an issue for this project with:
215 error     npm bugs node-base64
215 error Or if that isn't available, you can get their info via:
215 error     npm owner ls node-base64
215 error There is likely additional logging output above.
216 verbose exit [ 1, true ]
